<?xml version="1.0" encoding="UTF-8"?>
<testng-results skipped="0" failed="0" ignored="0" total="1" passed="1">
  <reporter-output>
  </reporter-output>
  <suite name="Default suite" duration-ms="104780" started-at="2020-08-03T19:49:58 IST" finished-at="2020-08-03T19:51:42 IST">
    <groups>
    </groups>
    <test name="Default test" duration-ms="104780" started-at="2020-08-03T19:49:58 IST" finished-at="2020-08-03T19:51:42 IST">
      <class name="com.autodesk.delContactAndOrg.DeleteContactAndOrg">
        <test-method status="PASS" signature="deleteConAndOrg()[pri:0, instance:com.autodesk.delContactAndOrg.DeleteContactAndOrg@2d8f65a4]" name="deleteConAndOrg" duration-ms="104573" started-at="2020-08-03T19:49:58 IST" finished-at="2020-08-03T19:51:42 IST">
          <reporter-output>
          </reporter-output>
        </test-method> <!-- deleteConAndOrg -->
      </class> <!-- com.autodesk.delContactAndOrg.DeleteContactAndOrg -->
    </test> <!-- Default test -->
  </suite> <!-- Default suite -->
</testng-results>
